<?xml version="1.0" encoding="UTF-8"?>
<!-- Generated by org.testng.reporters.JUnitReportReporter -->
<testsuite hostname="Lingeswar" failures="0" tests="1" name="FlightBooking.PrimeBooking" time="131.555" errors="0" timestamp="2023-08-07T22:40:54 IST" skipped="0">
  <testcase classname="FlightBooking.PrimeBooking" name="login" time="131.555"/>
</testsuite> <!-- FlightBooking.PrimeBooking -->
